<?xml version="1.0" encoding="UTF-8"?>
<testsuite xmlns:xsi="http://www.w3.org/2001/XMLSchema-instance" xsi:noNamespaceSchemaLocation="https://maven.apache.org/surefire/maven-surefire-plugin/xsd/surefire-test-report-3.0.xsd" version="3.0" name="com.sporekart.SporekartApplicationTest" time="2.223" tests="1" errors="0" skipped="0" failures="0">
  <properties>
[...]
</properties>
  <testcase name="contextLoads" classname="com.sporekart.SporekartApplicationTest" time="0.028">
    <system-out><![CDATA[2026-09-12T06:33:47.055+05:30  INFO 6152 --- [sporekart-backend] [           main] t.c.s.AnnotationConfigContextLoaderUtils : Could not detect default configuration classes for test class [com.sporekart.SporekartApplicationTest]: SporekartApplicationTest does not declare any static, non-private, non-final, nested classes annotated with @Configuration.
2026-09-12T06:33:47.071+05:30  INFO 6152 --- [sporekart-backend] [           main] .b.t.c.SpringBootTestContextBootstrapper : Found @SpringBootConfiguration com.sporekart.SporekartApplication for test class com.sporekart.SporekartApplicationTest

  .   ____          _            __ _ _
 /\\ / ___'_ __ _ _(_)_ __  __ _ \ \ \ \
( ( )\___ | '_ | '_| | '_ \/ _` | \ \ \ \
 \\/  ___)| |_)| | | | | || (_| |  ) ) ) )
  '  |____| .__|_| |_|_| |_\__, | / / / /
 =========|_|==============|___/=/_/_/_/
 :: Spring Boot ::                (v3.2.4)

2026-09-12T06:33:47.122+05:30  INFO 6152 --- [sporekart-backend] [           main] com.sporekart.SporekartApplicationTest   : Starting SporekartApplicationTest using Java 21.0.11 with PID 6152 (started by admin in F:\sporekart\sporekart-V1.0\sporekart-backend)
2026-09-12T06:33:47.122+05:30 DEBUG 6152 --- [sporekart-backend] [           main] com.sporekart.SporekartApplicationTest   : Running with Spring Boot v3.2.4, Spring v6.1.5
2026-09-12T06:33:47.122+05:30  INFO 6152 --- [sporekart-backend] [           main] com.sporekart.SporekartApplicationTest   : The following 1 profile is active: "dev"
2026-09-12T06:33:47.637+05:30  INFO 6152 --- [sporekart-backend] [           main] .s.d.r.c.RepositoryConfigurationDelegate : Bootstrapping Spring Data JPA repositories in DEFAULT mode.
2026-09-12T06:33:47.650+05:30  INFO 6152 --- [sporekart-backend] [           main] .s.d.r.c.RepositoryConfigurationDelegate : Finished Spring Data repository scanning in 13 ms. Found 0 JPA repository interfaces.
2026-09-12T06:33:47.824+05:30  INFO 6152 --- [sporekart-backend] [           main] com.zaxxer.hikari.HikariDataSource       : HikariPool-2 - Starting...
2026-09-12T06:33:47.826+05:30  INFO 6152 --- [sporekart-backend] [           main] com.zaxxer.hikari.pool.HikariPool        : HikariPool-2 - Added connection conn10: url=jdbc:h2:mem:sporekartdb user=SA
2026-09-12T06:33:47.826+05:30  INFO 6152 --- [sporekart-backend] [           main] com.zaxxer.hikari.HikariDataSource       : HikariPool-2 - Start completed.
2026-09-12T06:33:47.836+05:30  INFO 6152 --- [sporekart-backend] [           main] org.flywaydb.core.FlywayExecutor         : Database: jdbc:h2:mem:sporekartdb (H2 2.2)
2026-09-12T06:33:47.838+05:30  WARN 6152 --- [sporekart-backend] [           main] o.f.c.internal.database.base.Database    : Flyway upgrade recommended: H2 2.2.224 is newer than this version of Flyway and support has not been tested. The latest supported version of H2 is 2.2.220.
2026-09-12T06:33:47.846+05:30  INFO 6152 --- [sporekart-backend] [           main] o.f.core.internal.command.DbValidate     : Successfully validated 2 migrations (execution time 00:00.005s)
2026-09-12T06:33:47.850+05:30  INFO 6152 --- [sporekart-backend] [           main] o.f.core.internal.command.DbMigrate      : Current version of schema "PUBLIC": 2
2026-09-12T06:33:47.851+05:30  INFO 6152 --- [sporekart-backend] [           main] o.f.core.internal.command.DbMigrate      : Schema "PUBLIC" is up to date. No migration necessary.
2026-09-12T06:33:47.898+05:30  INFO 6152 --- [sporekart-backend] [           main] o.hibernate.jpa.internal.util.LogHelper  : HHH000204: Processing PersistenceUnitInfo [name: default]
2026-09-12T06:33:47.902+05:30  INFO 6152 --- [sporekart-backend] [           main] o.h.c.internal.RegionFactoryInitiator    : HHH000026: Second-level cache disabled
2026-09-12T06:33:47.910+05:30  INFO 6152 --- [sporekart-backend] [           main] o.s.o.j.p.SpringPersistenceUnitInfo      : No LoadTimeWeaver setup: ignoring JPA class transformer
2026-09-12T06:33:47.912+05:30  WARN 6152 --- [sporekart-backend] [           main] org.hibernate.orm.deprecation            : HHH90000025: H2Dialect does not need to be specified explicitly using 'hibernate.dialect' (remove the property setting and it will be selected by default)
2026-09-12T06:33:48.023+05:30  INFO 6152 --- [sporekart-backend] [           main] o.h.e.t.j.p.i.JtaPlatformInitiator       : HHH000489: No JTA platform available (set 'hibernate.transaction.jta.platform' to enable JTA platform integration)
2026-09-12T06:33:48.031+05:30  INFO 6152 --- [sporekart-backend] [           main] j.LocalContainerEntityManagerFactoryBean : Initialized JPA EntityManagerFactory for persistence unit 'default'
2026-09-12T06:33:48.199+05:30  WARN 6152 --- [sporekart-backend] [           main] JpaBaseConfiguration$JpaWebConfiguration : spring.jpa.open-in-view is enabled by default. Therefore, database queries may be performed during view rendering. Explicitly configure spring.jpa.open-in-view to disable this warning
2026-09-12T06:33:48.237+05:30  WARN 6152 --- [sporekart-backend] [           main] .s.s.UserDetailsServiceAutoConfiguration : 

Using generated security password: 5505eec9-56e5-4524-b453-e3b8615e1170

This generated password is for development use only. Your security configuration must be updated before running your application in production.

2026-09-12T06:33:48.692+05:30  INFO 6152 --- [sporekart-backend] [           main] o.s.b.a.e.web.EndpointLinksResolver      : Exposing 3 endpoint(s) beneath base path '/actuator'
2026-09-12T06:33:48.751+05:30  INFO 6152 --- [sporekart-backend] [           main] o.s.s.web.DefaultSecurityFilterChain     : Will secure any request with [org.springframework.security.web.session.DisableEncodeUrlFilter@40dd25b1, org.springframework.security.web.context.request.async.WebAsyncManagerIntegrationFilter@7c8fed20, org.springframework.security.web.context.SecurityContextHolderFilter@36ffee72, org.springframework.security.web.header.HeaderWriterFilter@2cc5f775, org.springframework.web.filter.CorsFilter@211448be, org.springframework.security.web.authentication.logout.LogoutFilter@5e41a4e7, org.springframework.security.web.savedrequest.RequestCacheAwareFilter@5a65140d, org.springframework.security.web.servletapi.SecurityContextHolderAwareRequestFilter@55a3119a, org.springframework.security.web.authentication.AnonymousAuthenticationFilter@3ea5eb92, org.springframework.security.web.session.SessionManagementFilter@67b166a0, org.springframework.security.web.access.ExceptionTranslationFilter@26f316e5, org.springframework.security.web.access.intercept.AuthorizationFilter@401f8e24]
2026-09-12T06:33:49.189+05:30  INFO 6152 --- [sporekart-backend] [           main] o.s.b.a.h2.H2ConsoleAutoConfiguration    : H2 console available at '/h2-console'. Database available at 'jdbc:h2:mem:sporekartdb'
2026-09-12T06:33:49.242+05:30  INFO 6152 --- [sporekart-backend] [           main] o.s.s.config.TaskSchedulerRouter         : No TaskScheduler/ScheduledExecutorService bean found for scheduled processing
2026-09-12T06:33:49.243+05:30  INFO 6152 --- [sporekart-backend] [           main] com.sporekart.SporekartApplicationTest   : Started SporekartApplicationTest in 2.166 seconds (process running for 20.65)
]]></system-out>
  </testcase>
</testsuite>