<?xml version="1.0" encoding="UTF-8"?>
<testsuite xmlns:xsi="http://www.w3.org/2001/XMLSchema-instance" xsi:noNamespaceSchemaLocation="https://maven.apache.org/surefire/maven-surefire-plugin/xsd/surefire-test-report-3.0.xsd" version="3.0" name="com.sporekart.catalog.FaqControllerTest" time="12.99" tests="2" errors="0" skipped="0" failures="0">
  <properties>
[...]
</properties>
  <testcase name="testGetAllFaqs_ReturnsSuccessResponse" classname="com.sporekart.catalog.FaqControllerTest" time="1.338">
    <system-out><![CDATA[06:33:33.682 [main] INFO org.springframework.test.context.support.AnnotationConfigContextLoaderUtils -- Could not detect default configuration classes for test class [com.sporekart.catalog.FaqControllerTest]: FaqControllerTest does not declare any static, non-private, non-final, nested classes annotated with @Configuration.
06:33:33.861 [main] INFO org.springframework.boot.test.context.SpringBootTestContextBootstrapper -- Found @SpringBootConfiguration com.sporekart.SporekartApplication for test class com.sporekart.catalog.FaqControllerTest

  .   ____          _            __ _ _
 /\\ / ___'_ __ _ _(_)_ __  __ _ \ \ \ \
( ( )\___ | '_ | '_| | '_ \/ _` | \ \ \ \
 \\/  ___)| |_)| | | | | || (_| |  ) ) ) )
  '  |____| .__|_| |_|_| |_\__, | / / / /
 =========|_|==============|___/=/_/_/_/
 :: Spring Boot ::                (v3.2.4)

2026-09-12T06:33:34.833+05:30  INFO 6152 --- [sporekart-backend] [           main] c.sporekart.catalog.FaqControllerTest    : Starting FaqControllerTest using Java 21.0.11 with PID 6152 (started by admin in F:\sporekart\sporekart-V1.0\sporekart-backend)
2026-09-12T06:33:34.834+05:30 DEBUG 6152 --- [sporekart-backend] [           main] c.sporekart.catalog.FaqControllerTest    : Running with Spring Boot v3.2.4, Spring v6.1.5
2026-09-12T06:33:34.835+05:30  INFO 6152 --- [sporekart-backend] [           main] c.sporekart.catalog.FaqControllerTest    : The following 1 profile is active: "dev"
2026-09-12T06:33:37.050+05:30  INFO 6152 --- [sporekart-backend] [           main] .s.d.r.c.RepositoryConfigurationDelegate : Bootstrapping Spring Data JPA repositories in DEFAULT mode.
2026-09-12T06:33:37.106+05:30  INFO 6152 --- [sporekart-backend] [           main] .s.d.r.c.RepositoryConfigurationDelegate : Finished Spring Data repository scanning in 41 ms. Found 0 JPA repository interfaces.
2026-09-12T06:33:38.352+05:30  INFO 6152 --- [sporekart-backend] [           main] com.zaxxer.hikari.HikariDataSource       : HikariPool-1 - Starting...
2026-09-12T06:33:38.656+05:30  INFO 6152 --- [sporekart-backend] [           main] com.zaxxer.hikari.pool.HikariPool        : HikariPool-1 - Added connection conn0: url=jdbc:h2:mem:sporekartdb user=SA
2026-09-12T06:33:38.659+05:30  INFO 6152 --- [sporekart-backend] [           main] com.zaxxer.hikari.HikariDataSource       : HikariPool-1 - Start completed.
2026-09-12T06:33:38.803+05:30  INFO 6152 --- [sporekart-backend] [           main] o.f.c.internal.license.VersionPrinter    : Flyway Community Edition 9.22.3 by Redgate
2026-09-12T06:33:38.803+05:30  INFO 6152 --- [sporekart-backend] [           main] o.f.c.internal.license.VersionPrinter    : See release notes here: https://rd.gt/416ObMi
2026-09-12T06:33:38.803+05:30  INFO 6152 --- [sporekart-backend] [           main] o.f.c.internal.license.VersionPrinter    : 
2026-09-12T06:33:38.894+05:30  INFO 6152 --- [sporekart-backend] [           main] org.flywaydb.core.FlywayExecutor         : Database: jdbc:h2:mem:sporekartdb (H2 2.2)
2026-09-12T06:33:38.903+05:30  WARN 6152 --- [sporekart-backend] [           main] o.f.c.internal.database.base.Database    : Flyway upgrade recommended: H2 2.2.224 is newer than this version of Flyway and support has not been tested. The latest supported version of H2 is 2.2.220.
2026-09-12T06:33:38.957+05:30  INFO 6152 --- [sporekart-backend] [           main] o.f.c.i.s.JdbcTableSchemaHistory         : Schema history table "PUBLIC"."flyway_schema_history" does not exist yet
2026-09-12T06:33:38.962+05:30  INFO 6152 --- [sporekart-backend] [           main] o.f.core.internal.command.DbValidate     : Successfully validated 2 migrations (execution time 00:00.038s)
2026-09-12T06:33:38.976+05:30  INFO 6152 --- [sporekart-backend] [           main] o.f.c.i.s.JdbcTableSchemaHistory         : Creating Schema History table "PUBLIC"."flyway_schema_history" ...
2026-09-12T06:33:39.024+05:30  INFO 6152 --- [sporekart-backend] [           main] o.f.core.internal.command.DbMigrate      : Current version of schema "PUBLIC": << Empty Schema >>
2026-09-12T06:33:39.052+05:30  INFO 6152 --- [sporekart-backend] [           main] o.f.core.internal.command.DbMigrate      : Migrating schema "PUBLIC" to version "1 - init sporekart v2 schema"
2026-09-12T06:33:39.128+05:30  INFO 6152 --- [sporekart-backend] [           main] o.f.core.internal.command.DbMigrate      : Migrating schema "PUBLIC" to version "2 - add reviews faqs landing schema"
2026-09-12T06:33:39.143+05:30  INFO 6152 --- [sporekart-backend] [           main] o.f.core.internal.command.DbMigrate      : Successfully applied 2 migrations to schema "PUBLIC", now at version v2 (execution time 00:00.063s)
2026-09-12T06:33:39.365+05:30  INFO 6152 --- [sporekart-backend] [           main] o.hibernate.jpa.internal.util.LogHelper  : HHH000204: Processing PersistenceUnitInfo [name: default]
2026-09-12T06:33:39.493+05:30  INFO 6152 --- [sporekart-backend] [           main] org.hibernate.Version                    : HHH000412: Hibernate ORM core version 6.4.4.Final
2026-09-12T06:33:39.555+05:30  INFO 6152 --- [sporekart-backend] [           main] o.h.c.internal.RegionFactoryInitiator    : HHH000026: Second-level cache disabled
2026-09-12T06:33:39.960+05:30  INFO 6152 --- [sporekart-backend] [           main] o.s.o.j.p.SpringPersistenceUnitInfo      : No LoadTimeWeaver setup: ignoring JPA class transformer
2026-09-12T06:33:40.040+05:30  WARN 6152 --- [sporekart-backend] [           main] org.hibernate.orm.deprecation            : HHH90000025: H2Dialect does not need to be specified explicitly using 'hibernate.dialect' (remove the property setting and it will be selected by default)
2026-09-12T06:33:41.743+05:30  INFO 6152 --- [sporekart-backend] [           main] o.h.e.t.j.p.i.JtaPlatformInitiator       : HHH000489: No JTA platform available (set 'hibernate.transaction.jta.platform' to enable JTA platform integration)
2026-09-12T06:33:41.784+05:30 DEBUG 6152 --- [sporekart-backend] [           main] org.hibernate.SQL                        : 
    create table event_publication (
        id uuid not null,
        completion_date timestamp(6) with time zone,
        event_type varchar(255),
        listener_id varchar(255),
        publication_date timestamp(6) with time zone,
        serialized_event varchar(255),
        primary key (id)
    )
Hibernate: 
    create table event_publication (
        id uuid not null,
        completion_date timestamp(6) with time zone,
        event_type varchar(255),
        listener_id varchar(255),
        publication_date timestamp(6) with time zone,
        serialized_event varchar(255),
        primary key (id)
    )
2026-09-12T06:33:41.789+05:30  INFO 6152 --- [sporekart-backend] [           main] j.LocalContainerEntityManagerFactoryBean : Initialized JPA EntityManagerFactory for persistence unit 'default'
2026-09-12T06:33:42.176+05:30  WARN 6152 --- [sporekart-backend] [           main] JpaBaseConfiguration$JpaWebConfiguration : spring.jpa.open-in-view is enabled by default. Therefore, database queries may be performed during view rendering. Explicitly configure spring.jpa.open-in-view to disable this warning
2026-09-12T06:33:42.282+05:30  WARN 6152 --- [sporekart-backend] [           main] .s.s.UserDetailsServiceAutoConfiguration : 

Using generated security password: 1a626818-ed67-497e-a07a-0be81a4ef524

This generated password is for development use only. Your security configuration must be updated before running your application in production.

2026-09-12T06:33:43.394+05:30  INFO 6152 --- [sporekart-backend] [           main] o.s.b.a.e.web.EndpointLinksResolver      : Exposing 3 endpoint(s) beneath base path '/actuator'
2026-09-12T06:33:43.520+05:30  INFO 6152 --- [sporekart-backend] [           main] o.s.s.web.DefaultSecurityFilterChain     : Will secure any request with [org.springframework.security.web.session.DisableEncodeUrlFilter@e79a675, org.springframework.security.web.context.request.async.WebAsyncManagerIntegrationFilter@2540e6f8, org.springframework.security.web.context.SecurityContextHolderFilter@33ad10af, org.springframework.security.web.header.HeaderWriterFilter@347749f2, org.springframework.web.filter.CorsFilter@2254cdc0, org.springframework.security.web.authentication.logout.LogoutFilter@72ced297, org.springframework.security.web.savedrequest.RequestCacheAwareFilter@65ed2da6, org.springframework.security.web.servletapi.SecurityContextHolderAwareRequestFilter@49251807, org.springframework.security.web.authentication.AnonymousAuthenticationFilter@389498a6, org.springframework.security.web.session.SessionManagementFilter@37ad86cb, org.springframework.security.web.access.ExceptionTranslationFilter@677f0c10, org.springframework.security.web.access.intercept.AuthorizationFilter@1783c60c]
2026-09-12T06:33:44.749+05:30  INFO 6152 --- [sporekart-backend] [           main] o.s.b.a.h2.H2ConsoleAutoConfiguration    : H2 console available at '/h2-console'. Database available at 'jdbc:h2:mem:sporekartdb'
2026-09-12T06:33:44.843+05:30  INFO 6152 --- [sporekart-backend] [           main] o.s.b.t.m.w.SpringBootMockServletContext : Initializing Spring TestDispatcherServlet ''
2026-09-12T06:33:44.843+05:30  INFO 6152 --- [sporekart-backend] [           main] o.s.t.web.servlet.TestDispatcherServlet  : Initializing Servlet ''
2026-09-12T06:33:44.845+05:30  INFO 6152 --- [sporekart-backend] [           main] o.s.t.web.servlet.TestDispatcherServlet  : Completed initialization in 2 ms
2026-09-12T06:33:45.032+05:30  INFO 6152 --- [sporekart-backend] [           main] o.s.s.config.TaskSchedulerRouter         : No TaskScheduler/ScheduledExecutorService bean found for scheduled processing
2026-09-12T06:33:45.039+05:30  INFO 6152 --- [sporekart-backend] [           main] c.sporekart.catalog.FaqControllerTest    : Started FaqControllerTest in 10.961 seconds (process running for 16.446)
]]></system-out>
    <system-err><![CDATA[WARNING: A Java agent has been loaded dynamically (C:\Users\admin\.m2\repository\net\bytebuddy\byte-buddy-agent\1.14.12\byte-buddy-agent-1.14.12.jar)
WARNING: If a serviceability tool is in use, please run with -XX:+EnableDynamicAgentLoading to hide this warning
WARNING: If a serviceability tool is not in use, please run with -Djdk.instrument.traceUsage for more information
WARNING: Dynamic loading of agents will be disallowed by default in a future release
]]></system-err>
  </testcase>
  <testcase name="testGetAllFaqs_ReturnsJsonContentType" classname="com.sporekart.catalog.FaqControllerTest" time="0.016"/>
</testsuite>